<?xml version="1.0" encoding="UTF-8"?>
<!-- Generated by org.testng.reporters.JUnitXMLReporter -->
<testsuite ignored="0" hostname="DESKTOP-3T0R0CM" failures="1" tests="1" name="OperaTest" time="15.346" errors="0" timestamp="2022-10-10T20:15:01 IST">
  <testcase classname="Book.TestngBookmyshow1" name="searchMovie" time="4.556">
    <failure type="java.lang.AssertionError" message="null">
      <![CDATA[java.lang.AssertionError: null
at Book.TestngBookmyshow1.searchMovie(TestngBookmyshow1.java:88)
at java.base/java.util.ArrayList.forEach(ArrayList.java:1511)
... Removed 27 stack frames]]>
    </failure>
  </testcase> <!-- searchMovie -->
</testsuite> <!-- OperaTest -->
