<?xml version="1.0" encoding="UTF-8"?>
<testng-results ignored="0" total="2" passed="0" failed="2" skipped="0">
  <reporter-output>
  </reporter-output>
  <suite started-at="2022-10-10T20:14:27 IST" name="Suite" finished-at="2022-10-10T20:15:01 IST" duration-ms="33879">
    <groups>
    </groups>
    <test started-at="2022-10-10T20:14:27 IST" name="ChromeTest" finished-at="2022-10-10T20:14:45 IST" duration-ms="18448">
      <class name="Book.TestngBookmyshow1">
        <test-method is-config="true" signature="launchBrowser(java.lang.String)[pri:0, instance:Book.TestngBookmyshow1@4fb61f4a]" started-at="2022-10-10T20:14:27 IST" name="launchBrowser" finished-at="2022-10-10T20:14:30 IST" duration-ms="3035" status="PASS">
          <params>
            <param index="0">
              <value>
                <![CDATA[Chrome]]>
              </value>
            </param>
          </params>
          <reporter-output>
          </reporter-output>
        </test-method> <!-- launchBrowser -->
        <test-method is-config="true" signature="createPOMObjects()[pri:0, instance:Book.TestngBookmyshow1@4fb61f4a]" started-at="2022-10-10T20:14:30 IST" name="createPOMObjects" finished-at="2022-10-10T20:14:30 IST" duration-ms="51" status="PASS">
          <reporter-output>
          </reporter-output>
        </test-method> <!-- createPOMObjects -->
        <test-method is-config="true" signature="homePage()[pri:0, instance:Book.TestngBookmyshow1@4fb61f4a]" started-at="2022-10-10T20:14:30 IST" name="homePage" finished-at="2022-10-10T20:14:36 IST" duration-ms="6660" status="PASS">
          <reporter-output>
          </reporter-output>
        </test-method> <!-- homePage -->
        <test-method signature="searchMovie()[pri:0, instance:Book.TestngBookmyshow1@4fb61f4a]" started-at="2022-10-10T20:14:36 IST" name="searchMovie" finished-at="2022-10-10T20:14:41 IST" duration-ms="4794" status="FAIL">
          <exception class="java.lang.AssertionError">
            <message>
              <![CDATA[null]]>
            </message>
            <full-stacktrace>
              <![CDATA[java.lang.AssertionError: null
at org.testng.Assert.fail(Assert.java:99)
at org.testng.Assert.fail(Assert.java:106)
at Book.TestngBookmyshow1.searchMovie(TestngBookmyshow1.java:88)
at java.base/jdk.internal.reflect.DirectMethodHandleAccessor.invoke(DirectMethodHandleAccessor.java:104)
at java.base/java.lang.reflect.Method.invoke(Method.java:577)
at org.testng.internal.MethodInvocationHelper.invokeMethod(MethodInvocationHelper.java:133)
at org.testng.internal.TestInvoker.invokeMethod(TestInvoker.java:598)
at org.testng.internal.TestInvoker.invokeTestMethod(TestInvoker.java:173)
at org.testng.internal.MethodRunner.runInSequence(MethodRunner.java:46)
at org.testng.internal.TestInvoker$MethodInvocationAgent.invoke(TestInvoker.java:824)
at org.testng.internal.TestInvoker.invokeTestMethods(TestInvoker.java:146)
at org.testng.internal.TestMethodWorker.invokeTestMethods(TestMethodWorker.java:146)
at org.testng.internal.TestMethodWorker.run(TestMethodWorker.java:128)
at java.base/java.util.ArrayList.forEach(ArrayList.java:1511)
at org.testng.TestRunner.privateRun(TestRunner.java:794)
at org.testng.TestRunner.run(TestRunner.java:596)
at org.testng.SuiteRunner.runTest(SuiteRunner.java:377)
at org.testng.SuiteRunner.runSequentially(SuiteRunner.java:371)
at org.testng.SuiteRunner.privateRun(SuiteRunner.java:332)
at org.testng.SuiteRunner.run(SuiteRunner.java:276)
at org.testng.SuiteRunnerWorker.runSuite(SuiteRunnerWorker.java:53)
at org.testng.SuiteRunnerWorker.run(SuiteRunnerWorker.java:96)
at org.testng.TestNG.runSuitesSequentially(TestNG.java:1212)
at org.testng.TestNG.runSuitesLocally(TestNG.java:1134)
at org.testng.TestNG.runSuites(TestNG.java:1063)
at org.testng.TestNG.run(TestNG.java:1031)
at org.testng.remote.AbstractRemoteTestNG.run(AbstractRemoteTestNG.java:115)
at org.testng.remote.RemoteTestNG.initAndRun(RemoteTestNG.java:251)
at org.testng.remote.RemoteTestNG.main(RemoteTestNG.java:77)
]]>
            </full-stacktrace>
          </exception> <!-- java.lang.AssertionError -->
          <reporter-output>
          </reporter-output>
        </test-method> <!-- searchMovie -->
        <test-method is-config="true" signature="logout(org.testng.ITestResult)[pri:0, instance:Book.TestngBookmyshow1@4fb61f4a]" started-at="2022-10-10T20:14:41 IST" name="logout" finished-at="2022-10-10T20:14:43 IST" duration-ms="1238" status="PASS">
          <params>
            <param index="0">
              <value>
                <![CDATA[[TestResult name=searchMovie status=FAILURE method=TestngBookmyshow1.searchMovie()[pri:0, instance:Book.TestngBookmyshow1@4fb61f4a] output={null}]]]>
              </value>
            </param>
          </params>
          <reporter-output>
          </reporter-output>
        </test-method> <!-- logout -->
        <test-method is-config="true" signature="cleanPOMobjects()[pri:0, instance:Book.TestngBookmyshow1@4fb61f4a]" started-at="2022-10-10T20:14:43 IST" name="cleanPOMobjects" finished-at="2022-10-10T20:14:43 IST" duration-ms="1" status="PASS">
          <reporter-output>
          </reporter-output>
        </test-method> <!-- cleanPOMobjects -->
        <test-method is-config="true" signature="closeBrowser()[pri:0, instance:Book.TestngBookmyshow1@4fb61f4a]" started-at="2022-10-10T20:14:43 IST" name="closeBrowser" finished-at="2022-10-10T20:14:45 IST" duration-ms="2577" status="PASS">
          <reporter-output>
          </reporter-output>
        </test-method> <!-- closeBrowser -->
      </class> <!-- Book.TestngBookmyshow1 -->
    </test> <!-- ChromeTest -->
    <test started-at="2022-10-10T20:14:45 IST" name="OperaTest" finished-at="2022-10-10T20:15:01 IST" duration-ms="15346">
      <class name="Book.TestngBookmyshow1">
        <test-method is-config="true" signature="launchBrowser(java.lang.String)[pri:0, instance:Book.TestngBookmyshow1@747ddf94]" started-at="2022-10-10T20:14:45 IST" name="launchBrowser" finished-at="2022-10-10T20:14:48 IST" duration-ms="2784" status="PASS">
          <params>
            <param index="0">
              <value>
                <![CDATA[Opera]]>
              </value>
            </param>
          </params>
          <reporter-output>
          </reporter-output>
        </test-method> <!-- launchBrowser -->
        <test-method is-config="true" signature="createPOMObjects()[pri:0, instance:Book.TestngBookmyshow1@747ddf94]" started-at="2022-10-10T20:14:48 IST" name="createPOMObjects" finished-at="2022-10-10T20:14:48 IST" duration-ms="1" status="PASS">
          <reporter-output>
          </reporter-output>
        </test-method> <!-- createPOMObjects -->
        <test-method is-config="true" signature="homePage()[pri:0, instance:Book.TestngBookmyshow1@747ddf94]" started-at="2022-10-10T20:14:48 IST" name="homePage" finished-at="2022-10-10T20:14:55 IST" duration-ms="6681" status="PASS">
          <reporter-output>
          </reporter-output>
        </test-method> <!-- homePage -->
        <test-method signature="searchMovie()[pri:0, instance:Book.TestngBookmyshow1@747ddf94]" started-at="2022-10-10T20:14:55 IST" name="searchMovie" finished-at="2022-10-10T20:14:59 IST" duration-ms="4556" status="FAIL">
          <exception class="java.lang.AssertionError">
            <message>
              <![CDATA[null]]>
            </message>
            <full-stacktrace>
              <![CDATA[java.lang.AssertionError: null
at org.testng.Assert.fail(Assert.java:99)
at org.testng.Assert.fail(Assert.java:106)
at Book.TestngBookmyshow1.searchMovie(TestngBookmyshow1.java:88)
at java.base/jdk.internal.reflect.DirectMethodHandleAccessor.invoke(DirectMethodHandleAccessor.java:104)
at java.base/java.lang.reflect.Method.invoke(Method.java:577)
at org.testng.internal.MethodInvocationHelper.invokeMethod(MethodInvocationHelper.java:133)
at org.testng.internal.TestInvoker.invokeMethod(TestInvoker.java:598)
at org.testng.internal.TestInvoker.invokeTestMethod(TestInvoker.java:173)
at org.testng.internal.MethodRunner.runInSequence(MethodRunner.java:46)
at org.testng.internal.TestInvoker$MethodInvocationAgent.invoke(TestInvoker.java:824)
at org.testng.internal.TestInvoker.invokeTestMethods(TestInvoker.java:146)
at org.testng.internal.TestMethodWorker.invokeTestMethods(TestMethodWorker.java:146)
at org.testng.internal.TestMethodWorker.run(TestMethodWorker.java:128)
at java.base/java.util.ArrayList.forEach(ArrayList.java:1511)
at org.testng.TestRunner.privateRun(TestRunner.java:794)
at org.testng.TestRunner.run(TestRunner.java:596)
at org.testng.SuiteRunner.runTest(SuiteRunner.java:377)
at org.testng.SuiteRunner.runSequentially(SuiteRunner.java:371)
at org.testng.SuiteRunner.privateRun(SuiteRunner.java:332)
at org.testng.SuiteRunner.run(SuiteRunner.java:276)
at org.testng.SuiteRunnerWorker.runSuite(SuiteRunnerWorker.java:53)
at org.testng.SuiteRunnerWorker.run(SuiteRunnerWorker.java:96)
at org.testng.TestNG.runSuitesSequentially(TestNG.java:1212)
at org.testng.TestNG.runSuitesLocally(TestNG.java:1134)
at org.testng.TestNG.runSuites(TestNG.java:1063)
at org.testng.TestNG.run(TestNG.java:1031)
at org.testng.remote.AbstractRemoteTestNG.run(AbstractRemoteTestNG.java:115)
at org.testng.remote.RemoteTestNG.initAndRun(RemoteTestNG.java:251)
at org.testng.remote.RemoteTestNG.main(RemoteTestNG.java:77)
]]>
            </full-stacktrace>
          </exception> <!-- java.lang.AssertionError -->
          <reporter-output>
          </reporter-output>
        </test-method> <!-- searchMovie -->
        <test-method is-config="true" signature="logout(org.testng.ITestResult)[pri:0, instance:Book.TestngBookmyshow1@747ddf94]" started-at="2022-10-10T20:14:59 IST" name="logout" finished-at="2022-10-10T20:15:00 IST" duration-ms="1096" status="PASS">
          <params>
            <param index="0">
              <value>
                <![CDATA[[TestResult name=searchMovie status=FAILURE method=TestngBookmyshow1.searchMovie()[pri:0, instance:Book.TestngBookmyshow1@747ddf94] output={null}]]]>
              </value>
            </param>
          </params>
          <reporter-output>
          </reporter-output>
        </test-method> <!-- logout -->
        <test-method is-config="true" signature="cleanPOMobjects()[pri:0, instance:Book.TestngBookmyshow1@747ddf94]" started-at="2022-10-10T20:15:00 IST" name="cleanPOMobjects" finished-at="2022-10-10T20:15:00 IST" duration-ms="3" status="PASS">
          <reporter-output>
          </reporter-output>
        </test-method> <!-- cleanPOMobjects -->
        <test-method is-config="true" signature="closeBrowser()[pri:0, instance:Book.TestngBookmyshow1@747ddf94]" started-at="2022-10-10T20:15:00 IST" name="closeBrowser" finished-at="2022-10-10T20:15:01 IST" duration-ms="219" status="PASS">
          <reporter-output>
          </reporter-output>
        </test-method> <!-- closeBrowser -->
      </class> <!-- Book.TestngBookmyshow1 -->
    </test> <!-- OperaTest -->
  </suite> <!-- Suite -->
</testng-results>
